2024-11-29 18:40:00 +03 - INFO - The check user activity task just ran for dixondaniel.
2024-11-29 18:40:00 +03 - INFO - The check user activity task just ran for paul10.
2024-11-29 18:40:00 +03 - INFO - The check user activity task just ran for william16.
2024-11-29 18:40:00 +03 - INFO - The check user activity task just ran for nathanmeyer.
2024-11-29 18:40:00 +03 - INFO - The check user activity task just ran for nryan.
2024-11-29 18:40:00 +03 - INFO - The check user activity task just ran for michael56.
2024-11-29 18:40:00 +03 - INFO - The check user activity task just ran for churchjason.
2024-11-29 18:40:00 +03 - INFO - The check user activity task just ran for david77.
2024-11-29 18:40:00 +03 - INFO - The check user activity task just ran for cervantespamela.
2024-11-29 18:40:00 +03 - INFO - The check user activity task just ran for williamwilliams.
2024-11-29 18:40:00 +03 - INFO - The check user activity task just ran for suzanne06.
2024-11-29 18:40:00 +03 - INFO - The check user activity task just ran for brownadrienne.
2024-11-29 18:40:00 +03 - INFO - The check user activity task just ran for huntdillon.
2024-11-29 18:40:00 +03 - INFO - The check user activity task just ran for andersonjose.
2024-11-29 18:40:00 +03 - INFO - The check user activity task just ran for ghernandez.
2024-11-29 18:40:00 +03 - INFO - The check user activity task just ran for sandrastokes.
2024-11-29 18:40:00 +03 - INFO - The check user activity task just ran for danielchen.
2024-11-29 18:40:00 +03 - INFO - The check user activity task just ran for john28.
2024-11-29 18:40:00 +03 - INFO - The check user activity task just ran for tinagreen.
2024-11-29 18:40:00 +03 - INFO - The check user activity task just ran for larryvillarreal.
